\BOOKMARK [1][-]{section*.1}{ABSTRACT}{section*.2}% 1
\BOOKMARK [1][-]{section.1}{Introduction}{}% 2
\BOOKMARK [1][-]{section.2}{Speed Limits of MS Stars}{}% 3
\BOOKMARK [2][-]{subsection.2.1}{The Hills Mechanism}{section.2}% 4
\BOOKMARK [3][-]{subsubsection.2.1.1}{Stellar-mass Secondaries}{subsection.2.1}% 5
\BOOKMARK [3][-]{subsubsection.2.1.2}{Massive Secondaries}{subsection.2.1}% 6
\BOOKMARK [2][-]{subsection.2.2}{Importance of Secondary's Orbital Energy}{section.2}% 7
\BOOKMARK [1][-]{section.3}{Rates}{}% 8
\BOOKMARK [2][-]{subsection.3.1}{Scattering of Stars from the Primary Cluster}{section.3}% 9
\BOOKMARK [2][-]{subsection.3.2}{Removal of Secondary's Cluster}{section.3}% 10
\BOOKMARK [3][-]{subsubsection.3.2.1}{Justification for Single-scattering Approximation}{subsection.3.2}% 11
\BOOKMARK [2][-]{subsection.3.3}{Similarities Between Primary and Secondary SHS}{section.3}% 12
\BOOKMARK [1][-]{section.4}{BMBH Scattering Experiments}{}% 13
\BOOKMARK [1][-]{section.5}{Results}{}% 14
\BOOKMARK [2][-]{subsection.5.1}{Fates of Tertiaries}{section.5}% 15
\BOOKMARK [2][-]{subsection.5.2}{Properties of SHS}{section.5}% 16
\BOOKMARK [3][-]{subsubsection.5.2.1}{Velocity Distribution}{subsection.5.2}% 17
\BOOKMARK [3][-]{subsubsection.5.2.2}{Dependence on Initial Orientation and Phase}{subsection.5.2}% 18
\BOOKMARK [3][-]{subsubsection.5.2.3}{Dependence on the Masses of the Three Bodies}{subsection.5.2}% 19
\BOOKMARK [3][-]{subsubsection.5.2.4}{Dependence on Eccentricity of the Tertiary}{subsection.5.2}% 20
\BOOKMARK [3][-]{subsubsection.5.2.5}{Beaming of Outgoing SHS Trajectories}{subsection.5.2}% 21
\BOOKMARK [1][-]{section.6}{Semi-relativistic hypervelocity binaries}{}% 22
\BOOKMARK [1][-]{section.7}{Observations}{}% 23
\BOOKMARK [2][-]{subsection.7.1}{The unbound SHS population}{section.7}% 24
\BOOKMARK [1][-]{section.8}{Discussion}{}% 25
\BOOKMARK [2][-]{subsection.8.1}{Detection versus Identification}{section.8}% 26
\BOOKMARK [2][-]{subsection.8.2}{Other Means of Detection}{section.8}% 27
\BOOKMARK [3][-]{subsubsection.8.2.1}{Accreting and Merging SHB}{subsection.8.2}% 28
\BOOKMARK [3][-]{subsubsection.8.2.2}{Bow Shocks}{subsection.8.2}% 29
\BOOKMARK [3][-]{subsubsection.8.2.3}{Isolated Local Group Pulsars}{subsection.8.2}% 30
\BOOKMARK [3][-]{subsubsection.8.2.4}{Intrahalo Light \(IHL\)}{subsection.8.2}% 31
\BOOKMARK [3][-]{subsubsection.8.2.5}{Supernovae from SHS and SHB}{subsection.8.2}% 32
\BOOKMARK [2][-]{subsection.8.3}{Complications}{section.8}% 33
\BOOKMARK [1][-]{section.9}{Conclusions}{}% 34
